[debug] [2022-11-18T08:16:36.090Z] ----------------------------------------------------------------------
[debug] [2022-11-18T08:16:36.092Z] Command:       C:\Program Files\nodejs\node.exe C:\Users\ANDREI\AppData\Roaming\npm\node_modules\firebase-tools\lib\bin\firebase.js serve
[debug] [2022-11-18T08:16:36.092Z] CLI Version:   11.16.1
[debug] [2022-11-18T08:16:36.093Z] Platform:      win32
[debug] [2022-11-18T08:16:36.093Z] Node Version:  v16.16.0
[debug] [2022-11-18T08:16:36.093Z] Time:          Fri Nov 18 2022 10:16:36 GMT+0200 (Eastern European Standard Time)
[debug] [2022-11-18T08:16:36.094Z] ----------------------------------------------------------------------
[debug] 
[debug] [2022-11-18T08:16:36.166Z] > command requires scopes: ["email","openid","https://www.googleapis.com/auth/cloudplatformprojects.readonly","https://www.googleapis.com/auth/firebase","https://www.googleapis.com/auth/cloud-platform"]
[debug] [2022-11-18T08:16:36.166Z] > authorizing via signed-in user (andreicomanescuonline@gmail.com)
[debug] [2022-11-18T08:16:36.167Z] [iam] checking project blogfree-server-ca for permissions ["firebase.projects.get"]
[debug] [2022-11-18T08:16:36.168Z] >>> [apiv2][query] POST https://cloudresourcemanager.googleapis.com/v1/projects/blogfree-server-ca:testIamPermissions [none]
[debug] [2022-11-18T08:16:36.168Z] >>> [apiv2][(partial)header] POST https://cloudresourcemanager.googleapis.com/v1/projects/blogfree-server-ca:testIamPermissions x-goog-quota-user=projects/blogfree-server-ca
[debug] [2022-11-18T08:16:36.168Z] >>> [apiv2][body] POST https://cloudresourcemanager.googleapis.com/v1/projects/blogfree-server-ca:testIamPermissions {"permissions":["firebase.projects.get"]}
[debug] [2022-11-18T08:16:37.122Z] <<< [apiv2][status] POST https://cloudresourcemanager.googleapis.com/v1/projects/blogfree-server-ca:testIamPermissions 200
[debug] [2022-11-18T08:16:37.122Z] <<< [apiv2][body] POST https://cloudresourcemanager.googleapis.com/v1/projects/blogfree-server-ca:testIamPermissions {"permissions":["firebase.projects.get"]}
[debug] [2022-11-18T08:16:37.123Z] >>> [apiv2][query] GET https://firebase.googleapis.com/v1beta1/projects/blogfree-server-ca [none]
[debug] [2022-11-18T08:16:37.580Z] <<< [apiv2][status] GET https://firebase.googleapis.com/v1beta1/projects/blogfree-server-ca 200
[debug] [2022-11-18T08:16:37.580Z] <<< [apiv2][body] GET https://firebase.googleapis.com/v1beta1/projects/blogfree-server-ca {"projectId":"blogfree-server-ca","projectNumber":"871688355868","displayName":"Blogfree Server CA","name":"projects/blogfree-server-ca","resources":{"hostingSite":"blogfree-server-ca"},"state":"ACTIVE","etag":"1_4731ff97-2751-4197-8dda-07c43dcc94b3"}
[info] 
[info] === Serving from 'C:\Users\ANDREI\OneDrive\Desktop\Coding\Others\Projects\HTML-CSS-JS-MERN\Blogfree(MERN-REDUX)'...
[info] 
[debug] [2022-11-18T08:16:37.583Z] >>> [apiv2][query] GET https://firebasehosting.googleapis.com/v1beta1/projects/blogfree-server-ca/sites 
[debug] [2022-11-18T08:16:38.928Z] <<< [apiv2][status] GET https://firebasehosting.googleapis.com/v1beta1/projects/blogfree-server-ca/sites 200
[debug] [2022-11-18T08:16:38.929Z] <<< [apiv2][body] GET https://firebasehosting.googleapis.com/v1beta1/projects/blogfree-server-ca/sites {"sites":[{"name":"projects/blogfree-server-ca/sites/blogfree-server-ca","defaultUrl":"https://blogfree-server-ca.web.app","type":"DEFAULT_SITE"}]}
[debug] [2022-11-18T08:16:38.929Z] >>> [apiv2][query] GET https://firebase.googleapis.com/v1beta1/projects/blogfree-server-ca/webApps/-/config [none]
[debug] [2022-11-18T08:16:39.820Z] <<< [apiv2][status] GET https://firebase.googleapis.com/v1beta1/projects/blogfree-server-ca/webApps/-/config 200
[debug] [2022-11-18T08:16:39.820Z] <<< [apiv2][body] GET https://firebase.googleapis.com/v1beta1/projects/blogfree-server-ca/webApps/-/config {"projectId":"blogfree-server-ca","storageBucket":"blogfree-server-ca.appspot.com","apiKey":"AIzaSyAlA25RcgIP8H3_nvP21YW6oJ9oU4Ic_Q4","authDomain":"blogfree-server-ca.firebaseapp.com","messagingSenderId":"871688355868"}
[debug] [2022-11-18T08:16:39.827Z] >>> [apiv2][query] GET https://firebase.googleapis.com/v1beta1/projects/blogfree-server-ca [none]
[debug] [2022-11-18T08:16:40.466Z] <<< [apiv2][status] GET https://firebase.googleapis.com/v1beta1/projects/blogfree-server-ca 200
[debug] [2022-11-18T08:16:40.466Z] <<< [apiv2][body] GET https://firebase.googleapis.com/v1beta1/projects/blogfree-server-ca {"projectId":"blogfree-server-ca","projectNumber":"871688355868","displayName":"Blogfree Server CA","name":"projects/blogfree-server-ca","resources":{"hostingSite":"blogfree-server-ca"},"state":"ACTIVE","etag":"1_4731ff97-2751-4197-8dda-07c43dcc94b3"}
[info] i  hosting[blogfree-server-ca]: Serving hosting files from: server {"metadata":{"emulator":{"name":"hosting"},"message":"Serving hosting files from: \u001b[1mserver\u001b[22m"}}
[info] +  hosting[blogfree-server-ca]: Local server: http://localhost:5000 {"metadata":{"emulator":{"name":"hosting"},"message":"Local server: \u001b[4m\u001b[1mhttp://localhost:5000\u001b[22m\u001b[24m"}}
